{
  "stats": {
    "suites": 1,
    "tests": 8,
    "passes": 8,
    "pending": 0,
    "failures": 0,
    "start": "2025-06-01T08:29:22.395Z",
    "end": "2025-06-01T08:29:49.270Z",
    "duration": 26875,
    "testsRegistered": 8,
    "passPercent": 100,
    "pendingPercent": 0,
    "other": 0,
    "hasOther": false,
    "skipped": 0,
    "hasSkipped": false
  },
  "results": [
    {
      "uuid": "b7b42f03-fe56-4dfc-a5d4-b1232e90ab5e",
      "title": "",
      "fullFile": "cypress\\e2e\\1-getting-started\\todo.cy.js",
      "file": "cypress\\e2e\\1-getting-started\\todo.cy.js",
      "beforeHooks": [],
      "afterHooks": [],
      "tests": [],
      "suites": [
        {
          "uuid": "b8ebb50f-fa62-49b5-9bb8-0c7e475286b6",
          "title": "GET Goals Tests",
          "fullFile": "",
          "file": "",
          "beforeHooks": [],
          "afterHooks": [],
          "tests": [
            {
              "title": "GET goals / Positive tests",
              "fullTitle": "GET Goals Tests GET goals / Positive tests",
              "timedOut": null,
              "duration": 4246,
              "state": "passed",
              "speed": "fast",
              "pass": true,
              "fail": false,
              "pending": false,
              "context": null,
              "code": "//Створюємо перший goal//\ncy.CreateGoal1().then(goal1Res => {\n  expect(goal1Res.status).to.eq(200);\n  expect(goal1Res.body.goal.name).to.be.eql(Cypress.env('goalName'));\n  expect(goal1Res.body.goal.description).to.be.eql(Cypress.env('goalDescription'));\n});\n//Створюємо другий goal//\ncy.CreateGoal2().then(goal2Res => {\n  expect(goal2Res.status).to.eq(200);\n  expect(goal2Res.body.goal.name).to.be.eql(Cypress.env('goalName2'));\n  expect(goal2Res.body.goal.description).to.be.eql(Cypress.env('goalDescription2'));\n});\n//Отримуємо усі goals//\ncy.GetAllGoals().then(response => {\n  expect(response.status).to.eq(200);\n  expect(response.body.goals[0].name).to.be.eql(Cypress.env('goalName'));\n  expect(response.body.goals[0].description).to.be.eql(Cypress.env('goalDescription'));\n  expect(response.body.goals[1].name).to.be.eql(Cypress.env('goalName2'));\n  expect(response.body.goals[1].description).to.be.eql(Cypress.env('goalDescription2'));\n});\n//Видаляємо обидва goals//\ncy.DeleteGoals(2);",
              "err": {},
              "uuid": "59d45de1-0a0b-435f-b6f9-142aebeb0f31",
              "parentUUID": "b8ebb50f-fa62-49b5-9bb8-0c7e475286b6",
              "isHook": false,
              "skipped": false
            },
            {
              "title": "GET goals / Negative tests",
              "fullTitle": "GET Goals Tests GET goals / Negative tests",
              "timedOut": null,
              "duration": 4104,
              "state": "passed",
              "speed": "fast",
              "pass": true,
              "fail": false,
              "pending": false,
              "context": null,
              "code": "//Створюємо перший goal//\ncy.CreateGoal1().then(goal1Res => {\n  expect(goal1Res.status).to.eq(200);\n  expect(goal1Res.body.goal.name).to.be.eql(Cypress.env('goalName'));\n  expect(goal1Res.body.goal.description).to.be.eql(Cypress.env('goalDescription'));\n});\n//Створюємо другий goal//\ncy.CreateGoal2().then(goal2Res => {\n  expect(goal2Res.status).to.eq(200);\n  expect(goal2Res.body.goal.name).to.be.eql(Cypress.env('goalName2'));\n  expect(goal2Res.body.goal.description).to.be.eql(Cypress.env('goalDescription2'));\n});\n//Отримуємо усі goals з invalid team id\n(0, _goals_negative_tests.GetGoalsWithInvalidTeamID)().then(response => {\n  expect(response.status).to.eq(401);\n  expect(response.body.err).to.be.eql(\"Team not authorized\");\n  expect(response.body.ECODE).to.be.eql(\"OAUTH_060\");\n});\n//Отримуємо усі goals з invalid token\n(0, _goals_negative_tests.GetGoalsWithInvalidToken)().then(response => {\n  expect(response.status).to.eq(401);\n  expect(response.body.err).to.be.eql(\"Oauth token not found\");\n  expect(response.body.ECODE).to.be.eql(\"OAUTH_019\");\n});\n//Видаляємо обидва goals\n//Тут я не зрозумів як додати перевірку сюди на 2 запити тому вона буде в commands.js\ncy.DeleteGoals(2);",
              "err": {},
              "uuid": "cabae88f-4a3e-4f55-ae09-a404df684dfc",
              "parentUUID": "b8ebb50f-fa62-49b5-9bb8-0c7e475286b6",
              "isHook": false,
              "skipped": false
            },
            {
              "title": "Create goal / Positive tests",
              "fullTitle": "GET Goals Tests Create goal / Positive tests",
              "timedOut": null,
              "duration": 2089,
              "state": "passed",
              "speed": "fast",
              "pass": true,
              "fail": false,
              "pending": false,
              "context": null,
              "code": "//Створюємо goal//\ncy.CreateGoal1().then(goal1Res => {\n  expect(goal1Res.status).to.eq(200);\n  expect(goal1Res.body.goal.name).to.be.eql(Cypress.env('goalName'));\n  expect(goal1Res.body.goal.description).to.be.eql(Cypress.env('goalDescription'));\n});\n//Отримуємо створений goal//\ncy.GetGoalByID().then(response => {\n  expect(response.status).to.eq(200);\n  expect(response.body.goal.name).to.be.eql(Cypress.env('goalName'));\n  expect(response.body.goal.description).to.be.eql(Cypress.env('goalDescription'));\n});\n//Видаляємо створений goal//\ncy.DeleteGoals(1);",
              "err": {},
              "uuid": "16773ea7-3f40-4aaa-8060-eb46a33dfac0",
              "parentUUID": "b8ebb50f-fa62-49b5-9bb8-0c7e475286b6",
              "isHook": false,
              "skipped": false
            },
            {
              "title": "Create goal / Negative tests",
              "fullTitle": "GET Goals Tests Create goal / Negative tests",
              "timedOut": null,
              "duration": 2501,
              "state": "passed",
              "speed": "fast",
              "pass": true,
              "fail": false,
              "pending": false,
              "context": null,
              "code": "//Створюємо goal//\ncy.CreateGoal1().then(goal1Res => {\n  expect(goal1Res.status).to.eq(200);\n  expect(goal1Res.body.goal.name).to.be.eql(Cypress.env('goalName'));\n  expect(goal1Res.body.goal.description).to.be.eql(Cypress.env('goalDescription'));\n});\n//Створення goal з invalid team_id\n(0, _goals_negative_tests.CreatedGoalWithInvalidTeamID)().then(response => {\n  expect(response.status).to.eq(401);\n  expect(response.body.err).to.be.eql(\"Team not authorized\");\n  expect(response.body.ECODE).to.be.eql(\"OAUTH_061\");\n});\n//Створення goal з invalid token\n(0, _goals_negative_tests.CreatedGoalWithInvalidToken)().then(response => {\n  expect(response.status).to.eq(401);\n  expect(response.body.err).to.be.eql(\"Oauth token not found\");\n  expect(response.body.ECODE).to.be.eql(\"OAUTH_019\");\n});\n//Видаляємо goal\ncy.DeleteGoals(1);",
              "err": {},
              "uuid": "c2216dd0-a0f9-4f6a-814e-524318a2fabf",
              "parentUUID": "b8ebb50f-fa62-49b5-9bb8-0c7e475286b6",
              "isHook": false,
              "skipped": false
            },
            {
              "title": "GET goal / Positive tests",
              "fullTitle": "GET Goals Tests GET goal / Positive tests",
              "timedOut": null,
              "duration": 2131,
              "state": "passed",
              "speed": "fast",
              "pass": true,
              "fail": false,
              "pending": false,
              "context": null,
              "code": "//Створюємо goal//\ncy.CreateGoal1().then(goal1Res => {\n  expect(goal1Res.status).to.eq(200);\n  expect(goal1Res.body.goal.name).to.be.eql(Cypress.env('goalName'));\n  expect(goal1Res.body.goal.description).to.be.eql(Cypress.env('goalDescription'));\n});\n//Отримуємо goal//\ncy.GetGoalByID().then(response => {\n  expect(response.status).to.eq(200);\n  expect(response.body.goal.name).to.be.eql(Cypress.env('goalName'));\n  expect(response.body.goal.description).to.be.eql(Cypress.env('goalDescription'));\n});\n//Видаляємо goal//\ncy.DeleteGoals(1);",
              "err": {},
              "uuid": "c7d5405b-12ad-455f-aa9c-6e306760afe3",
              "parentUUID": "b8ebb50f-fa62-49b5-9bb8-0c7e475286b6",
              "isHook": false,
              "skipped": false
            },
            {
              "title": "GET goal / Negative tests",
              "fullTitle": "GET Goals Tests GET goal / Negative tests",
              "timedOut": null,
              "duration": 4871,
              "state": "passed",
              "speed": "fast",
              "pass": true,
              "fail": false,
              "pending": false,
              "context": null,
              "code": "//Створюємо goal//\ncy.CreateGoal1().then(goal1Res => {\n  expect(goal1Res.status).to.eq(200);\n  expect(goal1Res.body.goal.name).to.be.eql(Cypress.env('goalName'));\n  expect(goal1Res.body.goal.description).to.be.eql(Cypress.env('goalDescription'));\n});\n//Отримуємо goal з invalid goal_id\n(0, _goals_negative_tests.GetGoalWithInvalidGoalID)().then(response => {\n  expect(response.status).to.eq(500);\n  expect(response.body.err).to.be.eql(\"Internal Server Error\");\n  expect(response.body.ECODE).to.be.eql(\"22P02\");\n});\n//Створення goal з invalid token\n(0, _goals_negative_tests.GetGoalWithInvalidToken)().then(response => {\n  expect(response.status).to.eq(401);\n  expect(response.body.err).to.be.eql(\"Oauth token not found\");\n  expect(response.body.ECODE).to.be.eql(\"OAUTH_019\");\n});\n//Видаляємо goal\ncy.DeleteGoals(1);",
              "err": {},
              "uuid": "2f8a459c-3d44-4b11-bdc5-7b47f0836bd8",
              "parentUUID": "b8ebb50f-fa62-49b5-9bb8-0c7e475286b6",
              "isHook": false,
              "skipped": false
            },
            {
              "title": "Update goal / Positive tests",
              "fullTitle": "GET Goals Tests Update goal / Positive tests",
              "timedOut": null,
              "duration": 3024,
              "state": "passed",
              "speed": "fast",
              "pass": true,
              "fail": false,
              "pending": false,
              "context": null,
              "code": "//Створюємо goal//\ncy.CreateGoal1().then(goal1Res => {\n  expect(goal1Res.status).to.eq(200);\n  expect(goal1Res.body.goal.name).to.be.eql(Cypress.env('goalName'));\n  expect(goal1Res.body.goal.description).to.be.eql(Cypress.env('goalDescription'));\n});\n//Оновлюємо goal//\ncy.UpdateGoal().then(response => {\n  expect(response.status).to.eq(200);\n  expect(response.body.goal.name).to.be.eql('Updated ' + Cypress.env('goalName'));\n  expect(response.body.goal.description).to.be.eql('Updated ' + Cypress.env('goalDescription'));\n});\n//Отримуємо оновлений goal//\ncy.GetGoalByID().then(response => {\n  expect(response.status).to.eq(200);\n  expect(response.body.goal.name).to.be.eql('Updated ' + Cypress.env('goalName'));\n  expect(response.body.goal.description).to.be.eql('Updated ' + Cypress.env('goalDescription'));\n});\n//Видаляємо goal//\ncy.DeleteGoals(1);",
              "err": {},
              "uuid": "a241bf1c-9469-4968-b97c-91726a11e7aa",
              "parentUUID": "b8ebb50f-fa62-49b5-9bb8-0c7e475286b6",
              "isHook": false,
              "skipped": false
            },
            {
              "title": "Update goal / Negative tests",
              "fullTitle": "GET Goals Tests Update goal / Negative tests",
              "timedOut": null,
              "duration": 3434,
              "state": "passed",
              "speed": "fast",
              "pass": true,
              "fail": false,
              "pending": false,
              "context": null,
              "code": "//Створюємо goal//\ncy.CreateGoal1().then(goal1Res => {\n  expect(goal1Res.status).to.eq(200);\n  expect(goal1Res.body.goal.name).to.be.eql(Cypress.env('goalName'));\n  expect(goal1Res.body.goal.description).to.be.eql(Cypress.env('goalDescription'));\n});\n//Отримуємо goal з invalid goal_id\n(0, _goals_negative_tests.UpdateGoalWithInvalidGoalID)().then(response => {\n  expect(response.status).to.eq(500);\n  expect(response.body.err).to.be.eql(\"Internal Server Error\");\n  expect(response.body.ECODE).to.be.eql(\"22P02\");\n});\n//Створення goal з invalid token\n(0, _goals_negative_tests.UpdateGoalWithInvalidToken)().then(response => {\n  expect(response.status).to.eq(401);\n  expect(response.body.err).to.be.eql(\"Oauth token not found\");\n  expect(response.body.ECODE).to.be.eql(\"OAUTH_019\");\n});\n//Видаляємо goal\ncy.DeleteGoals(1);",
              "err": {},
              "uuid": "6deebc9f-9860-4e8c-b7b5-f06ef905d771",
              "parentUUID": "b8ebb50f-fa62-49b5-9bb8-0c7e475286b6",
              "isHook": false,
              "skipped": false
            }
          ],
          "suites": [],
          "passes": [
            "59d45de1-0a0b-435f-b6f9-142aebeb0f31",
            "cabae88f-4a3e-4f55-ae09-a404df684dfc",
            "16773ea7-3f40-4aaa-8060-eb46a33dfac0",
            "c2216dd0-a0f9-4f6a-814e-524318a2fabf",
            "c7d5405b-12ad-455f-aa9c-6e306760afe3",
            "2f8a459c-3d44-4b11-bdc5-7b47f0836bd8",
            "a241bf1c-9469-4968-b97c-91726a11e7aa",
            "6deebc9f-9860-4e8c-b7b5-f06ef905d771"
          ],
          "failures": [],
          "pending": [],
          "skipped": [],
          "duration": 26400,
          "root": false,
          "rootEmpty": false,
          "_timeout": 2000
        }
      ],
      "passes": [],
      "failures": [],
      "pending": [],
      "skipped": [],
      "duration": 0,
      "root": true,
      "rootEmpty": true,
      "_timeout": 2000
    }
  ],
  "meta": {
    "mocha": {
      "version": "7.2.0"
    },
    "mochawesome": {
      "options": {
        "quiet": false,
        "reportFilename": "mochawesome",
        "saveHtml": true,
        "saveJson": true,
        "consoleReporter": "spec",
        "useInlineDiffs": false,
        "code": true
      },
      "version": "7.1.3"
    },
    "marge": {
      "options": null,
      "version": "6.2.0"
    }
  }
}